<?xml version="1.0" encoding="UTF-8"?>
<!-- Generated by org.testng.reporters.JUnitReportReporter -->
<testsuite skipped="0" hostname="LAPTOP-4QEVCKI3" name="qaclickacademy.SeleniumTest" tests="2" failures="0" timestamp="2020-05-11T05:32:20 IST" time="0.005" errors="0">
  <testcase name="selenium1" time="0.002" classname="qaclickacademy.SeleniumTest"/>
  <system-out/>
  <testcase name="selenium2" time="0.003" classname="qaclickacademy.SeleniumTest"/>
  <system-out/>
</testsuite> <!-- qaclickacademy.SeleniumTest -->
