<?xml version="1.0" encoding="UTF-8"?>
<!-- Generated by org.testng.reporters.JUnitReportReporter -->
<testsuite skipped="0" hostname="LAPTOP-4QEVCKI3" name="qaclickacademy.RestAPITest" tests="2" failures="0" timestamp="2020-05-11T05:24:42 IST" time="0.002" errors="0">
  <testcase name="restapi2" time="0.002" classname="qaclickacademy.RestAPITest"/>
  <system-out/>
  <testcase name="restapi1" time="0.000" classname="qaclickacademy.RestAPITest"/>
  <system-out/>
</testsuite> <!-- qaclickacademy.RestAPITest -->
