<?xml version="1.0" encoding="UTF-8"?>
<!-- Generated by org.testng.reporters.JUnitReportReporter -->
<testsuite skipped="0" hostname="LAPTOP-4QEVCKI3" name="qaclickacademy.AppiumTest" tests="2" failures="0" timestamp="2020-05-11T05:32:57 IST" time="0.009" errors="0">
  <testcase name="appium1" time="0.009" classname="qaclickacademy.AppiumTest"/>
  <system-out/>
  <testcase name="appium2" time="0.000" classname="qaclickacademy.AppiumTest"/>
  <system-out/>
</testsuite> <!-- qaclickacademy.AppiumTest -->
